<?xml version="1.0" encoding="UTF-8"?>
<!-- Generated by org.testng.reporters.JUnitReportReporter -->
<testsuite hostname="TY-Suchitra" failures="0" tests="1" name="script.Demo3" time="9.949" errors="0" timestamp="2024-10-17T12:42:08 IST" skipped="0">
  <testcase classname="script.Demo3" name="testC" time="9.949"/>
</testsuite> <!-- script.Demo3 -->
