<?xml version="1.0" encoding="UTF-8"?>
<!-- Generated by org.testng.reporters.JUnitReportReporter -->
<testsuite hostname="TY-Suchitra" failures="0" tests="1" name="script.Demo1" time="16.758" errors="0" timestamp="2024-10-17T12:42:08 IST" skipped="0">
  <testcase classname="script.Demo1" name="testA" time="16.758"/>
</testsuite> <!-- script.Demo1 -->
