<?xml version="1.0" encoding="UTF-8"?>
<!-- Generated by org.testng.reporters.JUnitReportReporter -->
<testsuite hostname="TY-Suchitra" failures="0" tests="2" name="script.DemoX" time="0.004" errors="0" timestamp="2024-10-17T12:42:08 IST" skipped="0">
  <testcase classname="script.DemoX" name="createUser" time="0.001"/>
  <testcase classname="script.DemoX" name="deleteUser" time="0.003"/>
</testsuite> <!-- script.DemoX -->
