<?xml version="1.0" encoding="UTF-8"?>
<!-- Generated by org.testng.reporters.JUnitReportReporter -->
<testsuite hostname="TY-Suchitra" failures="0" tests="1" name="script.InvalidLogin" time="22.842" errors="0" timestamp="2024-10-23T11:49:18 IST" skipped="0">
  <testcase classname="script.InvalidLogin" name="invalidLogin" time="22.842">
    <system-out>
      <![CDATA[Err Msg is Displayed]]>
    </system-out>
  </testcase> <!-- invalidLogin -->
  <system-out>
    <![CDATA[Err Msg is Displayed]]>
  </system-out>
</testsuite> <!-- script.InvalidLogin -->
